2004.05.28 11:14 B C:\Documents and Settings\khoeper\My Documents\Homepage_comsec\Susana\cgi-bin\.htaccess <-- calliope /u/ssjsin/public_html/cgi-bin .htaccess
2004.05.28 11:14 B C:\Documents and Settings\khoeper\My Documents\Homepage_comsec\Susana\cgi-bin\dctest.pl <-- calliope /u/ssjsin/public_html/cgi-bin dctest.pl
2004.05.28 11:14 B C:\Documents and Settings\khoeper\My Documents\Homepage_comsec\Susana\cgi-bin\DHDSS.class <-- calliope /u/ssjsin/public_html/cgi-bin DHDSS.class
2004.05.28 11:14 B C:\Documents and Settings\khoeper\My Documents\Homepage_comsec\Susana\cgi-bin\DHDSS.java <-- calliope /u/ssjsin/public_html/cgi-bin DHDSS.java
2004.05.28 11:14 B C:\Documents and Settings\khoeper\My Documents\Homepage_comsec\Susana\cgi-bin\gh.html <-- calliope /u/ssjsin/public_html/cgi-bin gh.html
2004.05.28 11:14 B C:\Documents and Settings\khoeper\My Documents\Homepage_comsec\Susana\cgi-bin\GH2.class <-- calliope /u/ssjsin/public_html/cgi-bin GH2.class
2004.05.28 11:14 B C:\Documents and Settings\khoeper\My Documents\Homepage_comsec\Susana\cgi-bin\GH2.java <-- calliope /u/ssjsin/public_html/cgi-bin GH2.java
2004.05.28 11:14 B C:\Documents and Settings\khoeper\My Documents\Homepage_comsec\Susana\cgi-bin\GH_cmd.class <-- calliope /u/ssjsin/public_html/cgi-bin GH_cmd.class
2004.05.28 11:14 B C:\Documents and Settings\khoeper\My Documents\Homepage_comsec\Susana\cgi-bin\GH_cmd.java <-- calliope /u/ssjsin/public_html/cgi-bin GH_cmd.java
2004.05.28 11:14 B C:\Documents and Settings\khoeper\My Documents\Homepage_comsec\Susana\cgi-bin\ghdh.cgi <-- calliope /u/ssjsin/public_html/cgi-bin ghdh.cgi
2004.05.28 11:14 B C:\Documents and Settings\khoeper\My Documents\Homepage_comsec\Susana\cgi-bin\ghdhscr2.cgi <-- calliope /u/ssjsin/public_html/cgi-bin ghdhscr2.cgi
2004.05.28 11:14 B C:\Documents and Settings\khoeper\My Documents\Homepage_comsec\Susana\cgi-bin\ghsign.cgi <-- calliope /u/ssjsin/public_html/cgi-bin ghsign.cgi
2004.05.28 11:14 B C:\Documents and Settings\khoeper\My Documents\Homepage_comsec\Susana\cgi-bin\ghsignscr2.cgi <-- calliope /u/ssjsin/public_html/cgi-bin ghsignscr2.cgi
2004.05.28 11:14 B C:\Documents and Settings\khoeper\My Documents\Homepage_comsec\Susana\cgi-bin\ghver.cgi <-- calliope /u/ssjsin/public_html/cgi-bin ghver.cgi
2004.05.28 11:14 B C:\Documents and Settings\khoeper\My Documents\Homepage_comsec\Susana\cgi-bin\ghverscr2.cgi <-- calliope /u/ssjsin/public_html/cgi-bin ghverscr2.cgi
2004.05.28 11:14 B C:\Documents and Settings\khoeper\My Documents\Homepage_comsec\Susana\cgi-bin\selectform.cgi <-- calliope /u/ssjsin/public_html/cgi-bin selectform.cgi
2004.05.28 11:56 B C:\Documents and Settings\khoeper\My Documents\Homepage_comsec\Susana\cgi-bin\.htaccess --> comsec.uwaterloo.ca /u/comsec/public_html/Susana/cgi-bin .htaccess
2004.05.28 11:56 B C:\Documents and Settings\khoeper\My Documents\Homepage_comsec\Susana\cgi-bin\dctest.pl --> comsec.uwaterloo.ca /u/comsec/public_html/Susana/cgi-bin dctest.pl
2004.05.28 11:56 B C:\Documents and Settings\khoeper\My Documents\Homepage_comsec\Susana\cgi-bin\DHDSS.class --> comsec.uwaterloo.ca /u/comsec/public_html/Susana/cgi-bin DHDSS.class
2004.05.28 11:56 B C:\Documents and Settings\khoeper\My Documents\Homepage_comsec\Susana\cgi-bin\DHDSS.java --> comsec.uwaterloo.ca /u/comsec/public_html/Susana/cgi-bin DHDSS.java
2004.05.28 11:56 B C:\Documents and Settings\khoeper\My Documents\Homepage_comsec\Susana\cgi-bin\gh.html --> comsec.uwaterloo.ca /u/comsec/public_html/Susana/cgi-bin gh.html
2004.05.28 11:56 B C:\Documents and Settings\khoeper\My Documents\Homepage_comsec\Susana\cgi-bin\GH2.class --> comsec.uwaterloo.ca /u/comsec/public_html/Susana/cgi-bin GH2.class
2004.05.28 11:56 B C:\Documents and Settings\khoeper\My Documents\Homepage_comsec\Susana\cgi-bin\GH2.java --> comsec.uwaterloo.ca /u/comsec/public_html/Susana/cgi-bin GH2.java
2004.05.28 11:56 B C:\Documents and Settings\khoeper\My Documents\Homepage_comsec\Susana\cgi-bin\GH_cmd.class --> comsec.uwaterloo.ca /u/comsec/public_html/Susana/cgi-bin GH_cmd.class
2004.05.28 11:56 B C:\Documents and Settings\khoeper\My Documents\Homepage_comsec\Susana\cgi-bin\GH_cmd.java --> comsec.uwaterloo.ca /u/comsec/public_html/Susana/cgi-bin GH_cmd.java
2004.05.28 11:56 B C:\Documents and Settings\khoeper\My Documents\Homepage_comsec\Susana\cgi-bin\ghdh.cgi --> comsec.uwaterloo.ca /u/comsec/public_html/Susana/cgi-bin ghdh.cgi
2004.05.28 11:56 B C:\Documents and Settings\khoeper\My Documents\Homepage_comsec\Susana\cgi-bin\ghdhscr2.cgi --> comsec.uwaterloo.ca /u/comsec/public_html/Susana/cgi-bin ghdhscr2.cgi
2004.05.28 11:56 B C:\Documents and Settings\khoeper\My Documents\Homepage_comsec\Susana\cgi-bin\ghsign.cgi --> comsec.uwaterloo.ca /u/comsec/public_html/Susana/cgi-bin ghsign.cgi
2004.05.28 11:56 B C:\Documents and Settings\khoeper\My Documents\Homepage_comsec\Susana\cgi-bin\ghsignscr2.cgi --> comsec.uwaterloo.ca /u/comsec/public_html/Susana/cgi-bin ghsignscr2.cgi
2004.05.28 11:56 B C:\Documents and Settings\khoeper\My Documents\Homepage_comsec\Susana\cgi-bin\ghver.cgi --> comsec.uwaterloo.ca /u/comsec/public_html/Susana/cgi-bin ghver.cgi
2004.05.28 11:57 B C:\Documents and Settings\khoeper\My Documents\Homepage_comsec\Susana\cgi-bin\ghverscr2.cgi --> comsec.uwaterloo.ca /u/comsec/public_html/Susana/cgi-bin ghverscr2.cgi
2004.05.28 11:57 B C:\Documents and Settings\khoeper\My Documents\Homepage_comsec\Susana\cgi-bin\selectform.cgi --> comsec.uwaterloo.ca /u/comsec/public_html/Susana/cgi-bin selectform.cgi
