2004.05.28 11:14 B C:\Documents and Settings\khoeper\My Documents\Homepage_comsec\Susana\GHDSA_files\buttons.gif <-- calliope /u/ssjsin/public_html/GHDSA_files buttons.gif
2004.05.28 11:14 B C:\Documents and Settings\khoeper\My Documents\Homepage_comsec\Susana\GHDSA_files\filelist.xml <-- calliope /u/ssjsin/public_html/GHDSA_files filelist.xml
2004.05.28 11:14 B C:\Documents and Settings\khoeper\My Documents\Homepage_comsec\Susana\GHDSA_files\frame.htm <-- calliope /u/ssjsin/public_html/GHDSA_files frame.htm
2004.05.28 11:14 B C:\Documents and Settings\khoeper\My Documents\Homepage_comsec\Susana\GHDSA_files\fullscreen.htm <-- calliope /u/ssjsin/public_html/GHDSA_files fullscreen.htm
2004.05.28 11:14 B C:\Documents and Settings\khoeper\My Documents\Homepage_comsec\Susana\GHDSA_files\master02.htm <-- calliope /u/ssjsin/public_html/GHDSA_files master02.htm
2004.05.28 11:14 B C:\Documents and Settings\khoeper\My Documents\Homepage_comsec\Susana\GHDSA_files\master03.htm <-- calliope /u/ssjsin/public_html/GHDSA_files master03.htm
2004.05.28 11:15 B C:\Documents and Settings\khoeper\My Documents\Homepage_comsec\Susana\GHDSA_files\master03.xml <-- calliope /u/ssjsin/public_html/GHDSA_files master03.xml
2004.05.28 11:15 B C:\Documents and Settings\khoeper\My Documents\Homepage_comsec\Susana\GHDSA_files\master03_stylesheet.css <-- calliope /u/ssjsin/public_html/GHDSA_files master03_stylesheet.css
2004.05.28 11:15 B C:\Documents and Settings\khoeper\My Documents\Homepage_comsec\Susana\GHDSA_files\master04.htm <-- calliope /u/ssjsin/public_html/GHDSA_files master04.htm
2004.05.28 11:15 B C:\Documents and Settings\khoeper\My Documents\Homepage_comsec\Susana\GHDSA_files\master04.xml <-- calliope /u/ssjsin/public_html/GHDSA_files master04.xml
2004.05.28 11:15 B C:\Documents and Settings\khoeper\My Documents\Homepage_comsec\Susana\GHDSA_files\master04_image003.gif <-- calliope /u/ssjsin/public_html/GHDSA_files master04_image003.gif
2004.05.28 11:15 B C:\Documents and Settings\khoeper\My Documents\Homepage_comsec\Susana\GHDSA_files\master04_image004.jpg <-- calliope /u/ssjsin/public_html/GHDSA_files master04_image004.jpg
2004.05.28 11:15 B C:\Documents and Settings\khoeper\My Documents\Homepage_comsec\Susana\GHDSA_files\master04_stylesheet.css <-- calliope /u/ssjsin/public_html/GHDSA_files master04_stylesheet.css
2004.05.28 11:15 B C:\Documents and Settings\khoeper\My Documents\Homepage_comsec\Susana\GHDSA_files\master05.htm <-- calliope /u/ssjsin/public_html/GHDSA_files master05.htm
2004.05.28 11:15 B C:\Documents and Settings\khoeper\My Documents\Homepage_comsec\Susana\GHDSA_files\master05.xml <-- calliope /u/ssjsin/public_html/GHDSA_files master05.xml
2004.05.28 11:15 B C:\Documents and Settings\khoeper\My Documents\Homepage_comsec\Susana\GHDSA_files\master05_background.gif <-- calliope /u/ssjsin/public_html/GHDSA_files master05_background.gif
2004.05.28 11:15 B C:\Documents and Settings\khoeper\My Documents\Homepage_comsec\Susana\GHDSA_files\master05_image001.jpg <-- calliope /u/ssjsin/public_html/GHDSA_files master05_image001.jpg
2004.05.28 11:15 B C:\Documents and Settings\khoeper\My Documents\Homepage_comsec\Susana\GHDSA_files\master05_image002.jpg <-- calliope /u/ssjsin/public_html/GHDSA_files master05_image002.jpg
2004.05.28 11:15 B C:\Documents and Settings\khoeper\My Documents\Homepage_comsec\Susana\GHDSA_files\oledata.mso <-- calliope /u/ssjsin/public_html/GHDSA_files oledata.mso
2004.05.28 11:15 B C:\Documents and Settings\khoeper\My Documents\Homepage_comsec\Susana\GHDSA_files\outline.htm <-- calliope /u/ssjsin/public_html/GHDSA_files outline.htm
2004.05.28 11:15 B C:\Documents and Settings\khoeper\My Documents\Homepage_comsec\Susana\GHDSA_files\pres.xml <-- calliope /u/ssjsin/public_html/GHDSA_files pres.xml
2004.05.28 11:15 B C:\Documents and Settings\khoeper\My Documents\Homepage_comsec\Susana\GHDSA_files\preview.wmf <-- calliope /u/ssjsin/public_html/GHDSA_files preview.wmf
2004.05.28 11:15 B C:\Documents and Settings\khoeper\My Documents\Homepage_comsec\Susana\GHDSA_files\script.js <-- calliope /u/ssjsin/public_html/GHDSA_files script.js
2004.05.28 11:15 B C:\Documents and Settings\khoeper\My Documents\Homepage_comsec\Susana\GHDSA_files\slide0001.htm <-- calliope /u/ssjsin/public_html/GHDSA_files slide0001.htm
2004.05.28 11:15 B C:\Documents and Settings\khoeper\My Documents\Homepage_comsec\Susana\GHDSA_files\slide0002.htm <-- calliope /u/ssjsin/public_html/GHDSA_files slide0002.htm
2004.05.28 11:15 B C:\Documents and Settings\khoeper\My Documents\Homepage_comsec\Susana\GHDSA_files\slide0003.htm <-- calliope /u/ssjsin/public_html/GHDSA_files slide0003.htm
2004.05.28 11:15 B C:\Documents and Settings\khoeper\My Documents\Homepage_comsec\Susana\GHDSA_files\slide0004.htm <-- calliope /u/ssjsin/public_html/GHDSA_files slide0004.htm
2004.05.28 11:15 B C:\Documents and Settings\khoeper\My Documents\Homepage_comsec\Susana\GHDSA_files\slide0004_image005.wmz <-- calliope /u/ssjsin/public_html/GHDSA_files slide0004_image005.wmz
2004.05.28 11:15 B C:\Documents and Settings\khoeper\My Documents\Homepage_comsec\Susana\GHDSA_files\slide0004_image006.gif <-- calliope /u/ssjsin/public_html/GHDSA_files slide0004_image006.gif
2004.05.28 11:15 B C:\Documents and Settings\khoeper\My Documents\Homepage_comsec\Susana\GHDSA_files\slide0004_image007.wmz <-- calliope /u/ssjsin/public_html/GHDSA_files slide0004_image007.wmz
2004.05.28 11:15 B C:\Documents and Settings\khoeper\My Documents\Homepage_comsec\Susana\GHDSA_files\slide0004_image008.gif <-- calliope /u/ssjsin/public_html/GHDSA_files slide0004_image008.gif
2004.05.28 11:15 B C:\Documents and Settings\khoeper\My Documents\Homepage_comsec\Susana\GHDSA_files\slide0004_image009.wmz <-- calliope /u/ssjsin/public_html/GHDSA_files slide0004_image009.wmz
2004.05.28 11:15 B C:\Documents and Settings\khoeper\My Documents\Homepage_comsec\Susana\GHDSA_files\slide0004_image010.gif <-- calliope /u/ssjsin/public_html/GHDSA_files slide0004_image010.gif
2004.05.28 11:15 B C:\Documents and Settings\khoeper\My Documents\Homepage_comsec\Susana\GHDSA_files\slide0005.htm <-- calliope /u/ssjsin/public_html/GHDSA_files slide0005.htm
2004.05.28 11:15 B C:\Documents and Settings\khoeper\My Documents\Homepage_comsec\Susana\GHDSA_files\slide0007.htm <-- calliope /u/ssjsin/public_html/GHDSA_files slide0007.htm
2004.05.28 11:15 B C:\Documents and Settings\khoeper\My Documents\Homepage_comsec\Susana\GHDSA_files\slide0007_image043.gif <-- calliope /u/ssjsin/public_html/GHDSA_files slide0007_image043.gif
2004.05.28 11:15 B C:\Documents and Settings\khoeper\My Documents\Homepage_comsec\Susana\GHDSA_files\slide0007_image044.jpg <-- calliope /u/ssjsin/public_html/GHDSA_files slide0007_image044.jpg
2004.05.28 11:15 B C:\Documents and Settings\khoeper\My Documents\Homepage_comsec\Susana\GHDSA_files\slide0007_image045.jpg <-- calliope /u/ssjsin/public_html/GHDSA_files slide0007_image045.jpg
2004.05.28 11:15 B C:\Documents and Settings\khoeper\My Documents\Homepage_comsec\Susana\GHDSA_files\slide0007_image046.gif <-- calliope /u/ssjsin/public_html/GHDSA_files slide0007_image046.gif
2004.05.28 11:15 B C:\Documents and Settings\khoeper\My Documents\Homepage_comsec\Susana\GHDSA_files\slide0007_image047.gif <-- calliope /u/ssjsin/public_html/GHDSA_files slide0007_image047.gif
2004.05.28 11:15 B C:\Documents and Settings\khoeper\My Documents\Homepage_comsec\Susana\GHDSA_files\slide0008.htm <-- calliope /u/ssjsin/public_html/GHDSA_files slide0008.htm
2004.05.28 11:15 B C:\Documents and Settings\khoeper\My Documents\Homepage_comsec\Susana\GHDSA_files\slide0008_image061.wmz <-- calliope /u/ssjsin/public_html/GHDSA_files slide0008_image061.wmz
2004.05.28 11:15 B C:\Documents and Settings\khoeper\My Documents\Homepage_comsec\Susana\GHDSA_files\slide0008_image062.gif <-- calliope /u/ssjsin/public_html/GHDSA_files slide0008_image062.gif
2004.05.28 11:15 B C:\Documents and Settings\khoeper\My Documents\Homepage_comsec\Susana\GHDSA_files\slide0009.htm <-- calliope /u/ssjsin/public_html/GHDSA_files slide0009.htm
2004.05.28 11:15 B C:\Documents and Settings\khoeper\My Documents\Homepage_comsec\Susana\GHDSA_files\slide0009_image086.jpg <-- calliope /u/ssjsin/public_html/GHDSA_files slide0009_image086.jpg
2004.05.28 11:15 B C:\Documents and Settings\khoeper\My Documents\Homepage_comsec\Susana\GHDSA_files\slide0009_image087.jpg <-- calliope /u/ssjsin/public_html/GHDSA_files slide0009_image087.jpg
2004.05.28 11:15 B C:\Documents and Settings\khoeper\My Documents\Homepage_comsec\Susana\GHDSA_files\slide0009_image088.jpg <-- calliope /u/ssjsin/public_html/GHDSA_files slide0009_image088.jpg
2004.05.28 11:15 B C:\Documents and Settings\khoeper\My Documents\Homepage_comsec\Susana\GHDSA_files\slide0009_image089.gif <-- calliope /u/ssjsin/public_html/GHDSA_files slide0009_image089.gif
2004.05.28 11:15 B C:\Documents and Settings\khoeper\My Documents\Homepage_comsec\Susana\GHDSA_files\slide0010.htm <-- calliope /u/ssjsin/public_html/GHDSA_files slide0010.htm
2004.05.28 11:15 B C:\Documents and Settings\khoeper\My Documents\Homepage_comsec\Susana\GHDSA_files\slide0011.htm <-- calliope /u/ssjsin/public_html/GHDSA_files slide0011.htm
2004.05.28 11:15 B C:\Documents and Settings\khoeper\My Documents\Homepage_comsec\Susana\GHDSA_files\slide0011_image101.gif <-- calliope /u/ssjsin/public_html/GHDSA_files slide0011_image101.gif
2004.05.28 11:15 B C:\Documents and Settings\khoeper\My Documents\Homepage_comsec\Susana\GHDSA_files\slide0011_image102.gif <-- calliope /u/ssjsin/public_html/GHDSA_files slide0011_image102.gif
2004.05.28 11:15 B C:\Documents and Settings\khoeper\My Documents\Homepage_comsec\Susana\GHDSA_files\slide0012.htm <-- calliope /u/ssjsin/public_html/GHDSA_files slide0012.htm
2004.05.28 11:15 B C:\Documents and Settings\khoeper\My Documents\Homepage_comsec\Susana\GHDSA_files\slide0013.htm <-- calliope /u/ssjsin/public_html/GHDSA_files slide0013.htm
2004.05.28 11:15 B C:\Documents and Settings\khoeper\My Documents\Homepage_comsec\Susana\GHDSA_files\slide0014.htm <-- calliope /u/ssjsin/public_html/GHDSA_files slide0014.htm
2004.05.28 11:15 B C:\Documents and Settings\khoeper\My Documents\Homepage_comsec\Susana\GHDSA_files\slide0014_image025.wmz <-- calliope /u/ssjsin/public_html/GHDSA_files slide0014_image025.wmz
2004.05.28 11:15 B C:\Documents and Settings\khoeper\My Documents\Homepage_comsec\Susana\GHDSA_files\slide0014_image026.gif <-- calliope /u/ssjsin/public_html/GHDSA_files slide0014_image026.gif
2004.05.28 11:15 B C:\Documents and Settings\khoeper\My Documents\Homepage_comsec\Susana\GHDSA_files\slide0014_image027.wmz <-- calliope /u/ssjsin/public_html/GHDSA_files slide0014_image027.wmz
2004.05.28 11:15 B C:\Documents and Settings\khoeper\My Documents\Homepage_comsec\Susana\GHDSA_files\slide0014_image028.gif <-- calliope /u/ssjsin/public_html/GHDSA_files slide0014_image028.gif
2004.05.28 11:15 B C:\Documents and Settings\khoeper\My Documents\Homepage_comsec\Susana\GHDSA_files\slide0014_image029.wmz <-- calliope /u/ssjsin/public_html/GHDSA_files slide0014_image029.wmz
2004.05.28 11:15 B C:\Documents and Settings\khoeper\My Documents\Homepage_comsec\Susana\GHDSA_files\slide0014_image030.gif <-- calliope /u/ssjsin/public_html/GHDSA_files slide0014_image030.gif
2004.05.28 11:15 B C:\Documents and Settings\khoeper\My Documents\Homepage_comsec\Susana\GHDSA_files\slide0014_image031.wmz <-- calliope /u/ssjsin/public_html/GHDSA_files slide0014_image031.wmz
2004.05.28 11:15 B C:\Documents and Settings\khoeper\My Documents\Homepage_comsec\Susana\GHDSA_files\slide0014_image032.gif <-- calliope /u/ssjsin/public_html/GHDSA_files slide0014_image032.gif
2004.05.28 11:15 B C:\Documents and Settings\khoeper\My Documents\Homepage_comsec\Susana\GHDSA_files\slide0014_image033.wmz <-- calliope /u/ssjsin/public_html/GHDSA_files slide0014_image033.wmz
2004.05.28 11:15 B C:\Documents and Settings\khoeper\My Documents\Homepage_comsec\Susana\GHDSA_files\slide0014_image034.gif <-- calliope /u/ssjsin/public_html/GHDSA_files slide0014_image034.gif
2004.05.28 11:15 B C:\Documents and Settings\khoeper\My Documents\Homepage_comsec\Susana\GHDSA_files\slide0014_image035.gif <-- calliope /u/ssjsin/public_html/GHDSA_files slide0014_image035.gif
2004.05.28 11:15 B C:\Documents and Settings\khoeper\My Documents\Homepage_comsec\Susana\GHDSA_files\slide0014_image036.gif <-- calliope /u/ssjsin/public_html/GHDSA_files slide0014_image036.gif
2004.05.28 11:15 B C:\Documents and Settings\khoeper\My Documents\Homepage_comsec\Susana\GHDSA_files\slide0014_image037.gif <-- calliope /u/ssjsin/public_html/GHDSA_files slide0014_image037.gif
2004.05.28 11:15 B C:\Documents and Settings\khoeper\My Documents\Homepage_comsec\Susana\GHDSA_files\slide0014_image038.gif <-- calliope /u/ssjsin/public_html/GHDSA_files slide0014_image038.gif
2004.05.28 11:15 B C:\Documents and Settings\khoeper\My Documents\Homepage_comsec\Susana\GHDSA_files\slide0014_image039.gif <-- calliope /u/ssjsin/public_html/GHDSA_files slide0014_image039.gif
2004.05.28 11:15 B C:\Documents and Settings\khoeper\My Documents\Homepage_comsec\Susana\GHDSA_files\slide0014_image040.gif <-- calliope /u/ssjsin/public_html/GHDSA_files slide0014_image040.gif
2004.05.28 11:15 B C:\Documents and Settings\khoeper\My Documents\Homepage_comsec\Susana\GHDSA_files\slide0014_image041.gif <-- calliope /u/ssjsin/public_html/GHDSA_files slide0014_image041.gif
2004.05.28 11:15 B C:\Documents and Settings\khoeper\My Documents\Homepage_comsec\Susana\GHDSA_files\slide0014_image042.gif <-- calliope /u/ssjsin/public_html/GHDSA_files slide0014_image042.gif
2004.05.28 11:15 B C:\Documents and Settings\khoeper\My Documents\Homepage_comsec\Susana\GHDSA_files\slide0015.htm <-- calliope /u/ssjsin/public_html/GHDSA_files slide0015.htm
2004.05.28 11:15 B C:\Documents and Settings\khoeper\My Documents\Homepage_comsec\Susana\GHDSA_files\slide0015_image016.emz <-- calliope /u/ssjsin/public_html/GHDSA_files slide0015_image016.emz
2004.05.28 11:15 B C:\Documents and Settings\khoeper\My Documents\Homepage_comsec\Susana\GHDSA_files\slide0015_image017.gif <-- calliope /u/ssjsin/public_html/GHDSA_files slide0015_image017.gif
2004.05.28 11:15 B C:\Documents and Settings\khoeper\My Documents\Homepage_comsec\Susana\GHDSA_files\slide0015_image018.emz <-- calliope /u/ssjsin/public_html/GHDSA_files slide0015_image018.emz
2004.05.28 11:15 B C:\Documents and Settings\khoeper\My Documents\Homepage_comsec\Susana\GHDSA_files\slide0015_image019.gif <-- calliope /u/ssjsin/public_html/GHDSA_files slide0015_image019.gif
2004.05.28 11:15 B C:\Documents and Settings\khoeper\My Documents\Homepage_comsec\Susana\GHDSA_files\slide0015_image020.emz <-- calliope /u/ssjsin/public_html/GHDSA_files slide0015_image020.emz
2004.05.28 11:15 B C:\Documents and Settings\khoeper\My Documents\Homepage_comsec\Susana\GHDSA_files\slide0015_image021.emz <-- calliope /u/ssjsin/public_html/GHDSA_files slide0015_image021.emz
2004.05.28 11:15 B C:\Documents and Settings\khoeper\My Documents\Homepage_comsec\Susana\GHDSA_files\slide0015_image022.gif <-- calliope /u/ssjsin/public_html/GHDSA_files slide0015_image022.gif
2004.05.28 11:15 B C:\Documents and Settings\khoeper\My Documents\Homepage_comsec\Susana\GHDSA_files\slide0015_image023.emz <-- calliope /u/ssjsin/public_html/GHDSA_files slide0015_image023.emz
2004.05.28 11:15 B C:\Documents and Settings\khoeper\My Documents\Homepage_comsec\Susana\GHDSA_files\slide0015_image024.gif <-- calliope /u/ssjsin/public_html/GHDSA_files slide0015_image024.gif
2004.05.28 11:15 B C:\Documents and Settings\khoeper\My Documents\Homepage_comsec\Susana\GHDSA_files\slide0017.htm <-- calliope /u/ssjsin/public_html/GHDSA_files slide0017.htm
2004.05.28 11:15 B C:\Documents and Settings\khoeper\My Documents\Homepage_comsec\Susana\GHDSA_files\slide0017_image011.wmz <-- calliope /u/ssjsin/public_html/GHDSA_files slide0017_image011.wmz
2004.05.28 11:15 B C:\Documents and Settings\khoeper\My Documents\Homepage_comsec\Susana\GHDSA_files\slide0017_image012.gif <-- calliope /u/ssjsin/public_html/GHDSA_files slide0017_image012.gif
2004.05.28 11:15 B C:\Documents and Settings\khoeper\My Documents\Homepage_comsec\Susana\GHDSA_files\slide0017_image013.wmz <-- calliope /u/ssjsin/public_html/GHDSA_files slide0017_image013.wmz
2004.05.28 11:15 B C:\Documents and Settings\khoeper\My Documents\Homepage_comsec\Susana\GHDSA_files\slide0017_image014.gif <-- calliope /u/ssjsin/public_html/GHDSA_files slide0017_image014.gif
2004.05.28 11:15 B C:\Documents and Settings\khoeper\My Documents\Homepage_comsec\Susana\GHDSA_files\slide0017_image015.gif <-- calliope /u/ssjsin/public_html/GHDSA_files slide0017_image015.gif
2004.05.28 11:15 B C:\Documents and Settings\khoeper\My Documents\Homepage_comsec\Susana\GHDSA_files\slide0018.htm <-- calliope /u/ssjsin/public_html/GHDSA_files slide0018.htm
2004.05.28 11:15 B C:\Documents and Settings\khoeper\My Documents\Homepage_comsec\Susana\GHDSA_files\slide0018_image048.wmz <-- calliope /u/ssjsin/public_html/GHDSA_files slide0018_image048.wmz
2004.05.28 11:15 B C:\Documents and Settings\khoeper\My Documents\Homepage_comsec\Susana\GHDSA_files\slide0018_image049.gif <-- calliope /u/ssjsin/public_html/GHDSA_files slide0018_image049.gif
2004.05.28 11:15 B C:\Documents and Settings\khoeper\My Documents\Homepage_comsec\Susana\GHDSA_files\slide0018_image050.wmz <-- calliope /u/ssjsin/public_html/GHDSA_files slide0018_image050.wmz
2004.05.28 11:15 B C:\Documents and Settings\khoeper\My Documents\Homepage_comsec\Susana\GHDSA_files\slide0018_image051.gif <-- calliope /u/ssjsin/public_html/GHDSA_files slide0018_image051.gif
2004.05.28 11:15 B C:\Documents and Settings\khoeper\My Documents\Homepage_comsec\Susana\GHDSA_files\slide0018_image052.wmz <-- calliope /u/ssjsin/public_html/GHDSA_files slide0018_image052.wmz
2004.05.28 11:15 B C:\Documents and Settings\khoeper\My Documents\Homepage_comsec\Susana\GHDSA_files\slide0018_image053.gif <-- calliope /u/ssjsin/public_html/GHDSA_files slide0018_image053.gif
2004.05.28 11:15 B C:\Documents and Settings\khoeper\My Documents\Homepage_comsec\Susana\GHDSA_files\slide0018_image054.gif <-- calliope /u/ssjsin/public_html/GHDSA_files slide0018_image054.gif
2004.05.28 11:15 B C:\Documents and Settings\khoeper\My Documents\Homepage_comsec\Susana\GHDSA_files\slide0019.htm <-- calliope /u/ssjsin/public_html/GHDSA_files slide0019.htm
2004.05.28 11:15 B C:\Documents and Settings\khoeper\My Documents\Homepage_comsec\Susana\GHDSA_files\slide0019_image063.wmz <-- calliope /u/ssjsin/public_html/GHDSA_files slide0019_image063.wmz
2004.05.28 11:15 B C:\Documents and Settings\khoeper\My Documents\Homepage_comsec\Susana\GHDSA_files\slide0019_image064.wmz <-- calliope /u/ssjsin/public_html/GHDSA_files slide0019_image064.wmz
2004.05.28 11:15 B C:\Documents and Settings\khoeper\My Documents\Homepage_comsec\Susana\GHDSA_files\slide0019_image065.wmz <-- calliope /u/ssjsin/public_html/GHDSA_files slide0019_image065.wmz
2004.05.28 11:15 B C:\Documents and Settings\khoeper\My Documents\Homepage_comsec\Susana\GHDSA_files\slide0019_image066.gif <-- calliope /u/ssjsin/public_html/GHDSA_files slide0019_image066.gif
2004.05.28 11:15 B C:\Documents and Settings\khoeper\My Documents\Homepage_comsec\Susana\GHDSA_files\slide0020.htm <-- calliope /u/ssjsin/public_html/GHDSA_files slide0020.htm
2004.05.28 11:15 B C:\Documents and Settings\khoeper\My Documents\Homepage_comsec\Susana\GHDSA_files\slide0020_image067.wmz <-- calliope /u/ssjsin/public_html/GHDSA_files slide0020_image067.wmz
2004.05.28 11:15 B C:\Documents and Settings\khoeper\My Documents\Homepage_comsec\Susana\GHDSA_files\slide0020_image068.gif <-- calliope /u/ssjsin/public_html/GHDSA_files slide0020_image068.gif
2004.05.28 11:15 B C:\Documents and Settings\khoeper\My Documents\Homepage_comsec\Susana\GHDSA_files\slide0020_image069.wmz <-- calliope /u/ssjsin/public_html/GHDSA_files slide0020_image069.wmz
2004.05.28 11:15 B C:\Documents and Settings\khoeper\My Documents\Homepage_comsec\Susana\GHDSA_files\slide0020_image070.gif <-- calliope /u/ssjsin/public_html/GHDSA_files slide0020_image070.gif
2004.05.28 11:15 B C:\Documents and Settings\khoeper\My Documents\Homepage_comsec\Susana\GHDSA_files\slide0020_image071.wmz <-- calliope /u/ssjsin/public_html/GHDSA_files slide0020_image071.wmz
2004.05.28 11:15 B C:\Documents and Settings\khoeper\My Documents\Homepage_comsec\Susana\GHDSA_files\slide0020_image072.gif <-- calliope /u/ssjsin/public_html/GHDSA_files slide0020_image072.gif
2004.05.28 11:15 B C:\Documents and Settings\khoeper\My Documents\Homepage_comsec\Susana\GHDSA_files\slide0020_image073.wmz <-- calliope /u/ssjsin/public_html/GHDSA_files slide0020_image073.wmz
2004.05.28 11:15 B C:\Documents and Settings\khoeper\My Documents\Homepage_comsec\Susana\GHDSA_files\slide0020_image074.wmz <-- calliope /u/ssjsin/public_html/GHDSA_files slide0020_image074.wmz
2004.05.28 11:15 B C:\Documents and Settings\khoeper\My Documents\Homepage_comsec\Susana\GHDSA_files\slide0020_image075.wmz <-- calliope /u/ssjsin/public_html/GHDSA_files slide0020_image075.wmz
2004.05.28 11:15 B C:\Documents and Settings\khoeper\My Documents\Homepage_comsec\Susana\GHDSA_files\slide0020_image076.gif <-- calliope /u/ssjsin/public_html/GHDSA_files slide0020_image076.gif
2004.05.28 11:15 B C:\Documents and Settings\khoeper\My Documents\Homepage_comsec\Susana\GHDSA_files\slide0021.htm <-- calliope /u/ssjsin/public_html/GHDSA_files slide0021.htm
2004.05.28 11:15 B C:\Documents and Settings\khoeper\My Documents\Homepage_comsec\Susana\GHDSA_files\slide0021_image082.wmz <-- calliope /u/ssjsin/public_html/GHDSA_files slide0021_image082.wmz
2004.05.28 11:15 B C:\Documents and Settings\khoeper\My Documents\Homepage_comsec\Susana\GHDSA_files\slide0021_image083.gif <-- calliope /u/ssjsin/public_html/GHDSA_files slide0021_image083.gif
2004.05.28 11:15 B C:\Documents and Settings\khoeper\My Documents\Homepage_comsec\Susana\GHDSA_files\slide0021_image084.wmz <-- calliope /u/ssjsin/public_html/GHDSA_files slide0021_image084.wmz
2004.05.28 11:15 B C:\Documents and Settings\khoeper\My Documents\Homepage_comsec\Susana\GHDSA_files\slide0021_image085.gif <-- calliope /u/ssjsin/public_html/GHDSA_files slide0021_image085.gif
2004.05.28 11:15 B C:\Documents and Settings\khoeper\My Documents\Homepage_comsec\Susana\GHDSA_files\slide0022.htm <-- calliope /u/ssjsin/public_html/GHDSA_files slide0022.htm
2004.05.28 11:15 B C:\Documents and Settings\khoeper\My Documents\Homepage_comsec\Susana\GHDSA_files\slide0022_image077.wmz <-- calliope /u/ssjsin/public_html/GHDSA_files slide0022_image077.wmz
2004.05.28 11:15 B C:\Documents and Settings\khoeper\My Documents\Homepage_comsec\Susana\GHDSA_files\slide0022_image078.gif <-- calliope /u/ssjsin/public_html/GHDSA_files slide0022_image078.gif
2004.05.28 11:15 B C:\Documents and Settings\khoeper\My Documents\Homepage_comsec\Susana\GHDSA_files\slide0022_image079.wmz <-- calliope /u/ssjsin/public_html/GHDSA_files slide0022_image079.wmz
2004.05.28 11:15 B C:\Documents and Settings\khoeper\My Documents\Homepage_comsec\Susana\GHDSA_files\slide0022_image080.gif <-- calliope /u/ssjsin/public_html/GHDSA_files slide0022_image080.gif
2004.05.28 11:15 B C:\Documents and Settings\khoeper\My Documents\Homepage_comsec\Susana\GHDSA_files\slide0022_image081.gif <-- calliope /u/ssjsin/public_html/GHDSA_files slide0022_image081.gif
2004.05.28 11:15 B C:\Documents and Settings\khoeper\My Documents\Homepage_comsec\Susana\GHDSA_files\slide0023.htm <-- calliope /u/ssjsin/public_html/GHDSA_files slide0023.htm
2004.05.28 11:15 B C:\Documents and Settings\khoeper\My Documents\Homepage_comsec\Susana\GHDSA_files\slide0023_image090.jpg <-- calliope /u/ssjsin/public_html/GHDSA_files slide0023_image090.jpg
2004.05.28 11:15 B C:\Documents and Settings\khoeper\My Documents\Homepage_comsec\Susana\GHDSA_files\slide0023_image091.jpg <-- calliope /u/ssjsin/public_html/GHDSA_files slide0023_image091.jpg
2004.05.28 11:15 B C:\Documents and Settings\khoeper\My Documents\Homepage_comsec\Susana\GHDSA_files\slide0024.htm <-- calliope /u/ssjsin/public_html/GHDSA_files slide0024.htm
2004.05.28 11:15 B C:\Documents and Settings\khoeper\My Documents\Homepage_comsec\Susana\GHDSA_files\slide0024_image092.wmz <-- calliope /u/ssjsin/public_html/GHDSA_files slide0024_image092.wmz
2004.05.28 11:15 B C:\Documents and Settings\khoeper\My Documents\Homepage_comsec\Susana\GHDSA_files\slide0024_image093.gif <-- calliope /u/ssjsin/public_html/GHDSA_files slide0024_image093.gif
2004.05.28 11:15 B C:\Documents and Settings\khoeper\My Documents\Homepage_comsec\Susana\GHDSA_files\slide0024_image094.wmz <-- calliope /u/ssjsin/public_html/GHDSA_files slide0024_image094.wmz
2004.05.28 11:15 B C:\Documents and Settings\khoeper\My Documents\Homepage_comsec\Susana\GHDSA_files\slide0024_image095.gif <-- calliope /u/ssjsin/public_html/GHDSA_files slide0024_image095.gif
2004.05.28 11:15 B C:\Documents and Settings\khoeper\My Documents\Homepage_comsec\Susana\GHDSA_files\slide0024_image096.gif <-- calliope /u/ssjsin/public_html/GHDSA_files slide0024_image096.gif
2004.05.28 11:15 B C:\Documents and Settings\khoeper\My Documents\Homepage_comsec\Susana\GHDSA_files\slide0025.htm <-- calliope /u/ssjsin/public_html/GHDSA_files slide0025.htm
2004.05.28 11:15 B C:\Documents and Settings\khoeper\My Documents\Homepage_comsec\Susana\GHDSA_files\slide0025_image097.wmz <-- calliope /u/ssjsin/public_html/GHDSA_files slide0025_image097.wmz
2004.05.28 11:15 B C:\Documents and Settings\khoeper\My Documents\Homepage_comsec\Susana\GHDSA_files\slide0025_image098.gif <-- calliope /u/ssjsin/public_html/GHDSA_files slide0025_image098.gif
2004.05.28 11:15 B C:\Documents and Settings\khoeper\My Documents\Homepage_comsec\Susana\GHDSA_files\slide0025_image099.wmz <-- calliope /u/ssjsin/public_html/GHDSA_files slide0025_image099.wmz
2004.05.28 11:15 B C:\Documents and Settings\khoeper\My Documents\Homepage_comsec\Susana\GHDSA_files\slide0025_image100.gif <-- calliope /u/ssjsin/public_html/GHDSA_files slide0025_image100.gif
2004.05.28 11:15 B C:\Documents and Settings\khoeper\My Documents\Homepage_comsec\Susana\GHDSA_files\slide0026.htm <-- calliope /u/ssjsin/public_html/GHDSA_files slide0026.htm
2004.05.28 11:15 B C:\Documents and Settings\khoeper\My Documents\Homepage_comsec\Susana\GHDSA_files\slide0026_image055.wmz <-- calliope /u/ssjsin/public_html/GHDSA_files slide0026_image055.wmz
2004.05.28 11:15 B C:\Documents and Settings\khoeper\My Documents\Homepage_comsec\Susana\GHDSA_files\slide0026_image056.gif <-- calliope /u/ssjsin/public_html/GHDSA_files slide0026_image056.gif
2004.05.28 11:15 B C:\Documents and Settings\khoeper\My Documents\Homepage_comsec\Susana\GHDSA_files\slide0026_image057.wmz <-- calliope /u/ssjsin/public_html/GHDSA_files slide0026_image057.wmz
2004.05.28 11:15 B C:\Documents and Settings\khoeper\My Documents\Homepage_comsec\Susana\GHDSA_files\slide0026_image058.gif <-- calliope /u/ssjsin/public_html/GHDSA_files slide0026_image058.gif
2004.05.28 11:15 B C:\Documents and Settings\khoeper\My Documents\Homepage_comsec\Susana\GHDSA_files\slide0027.htm <-- calliope /u/ssjsin/public_html/GHDSA_files slide0027.htm
2004.05.28 11:15 B C:\Documents and Settings\khoeper\My Documents\Homepage_comsec\Susana\GHDSA_files\slide0027_image059.wmz <-- calliope /u/ssjsin/public_html/GHDSA_files slide0027_image059.wmz
2004.05.28 11:15 B C:\Documents and Settings\khoeper\My Documents\Homepage_comsec\Susana\GHDSA_files\slide0027_image060.gif <-- calliope /u/ssjsin/public_html/GHDSA_files slide0027_image060.gif
2004.05.28 11:15 B C:\Documents and Settings\khoeper\My Documents\Homepage_comsec\Susana\GHDSA_files\slide0028.htm <-- calliope /u/ssjsin/public_html/GHDSA_files slide0028.htm
2004.05.28 11:15 B C:\Documents and Settings\khoeper\My Documents\Homepage_comsec\Susana\GHDSA_files\slide0029.htm <-- calliope /u/ssjsin/public_html/GHDSA_files slide0029.htm
2004.05.28 11:15 B C:\Documents and Settings\khoeper\My Documents\Homepage_comsec\Susana\GHDSA_files\slide0029_image101.wmz <-- calliope /u/ssjsin/public_html/GHDSA_files slide0029_image101.wmz
2004.05.28 11:15 B C:\Documents and Settings\khoeper\My Documents\Homepage_comsec\Susana\GHDSA_files\slide0029_image102.gif <-- calliope /u/ssjsin/public_html/GHDSA_files slide0029_image102.gif
2004.05.28 11:15 B C:\Documents and Settings\khoeper\My Documents\Homepage_comsec\Susana\GHDSA_files\slide0029_image103.wmz <-- calliope /u/ssjsin/public_html/GHDSA_files slide0029_image103.wmz
2004.05.28 11:15 B C:\Documents and Settings\khoeper\My Documents\Homepage_comsec\Susana\GHDSA_files\slide0029_image104.gif <-- calliope /u/ssjsin/public_html/GHDSA_files slide0029_image104.gif
2004.05.28 11:15 B C:\Documents and Settings\khoeper\My Documents\Homepage_comsec\Susana\GHDSA_files\slide0029_image105.wmz <-- calliope /u/ssjsin/public_html/GHDSA_files slide0029_image105.wmz
2004.05.28 11:15 B C:\Documents and Settings\khoeper\My Documents\Homepage_comsec\Susana\GHDSA_files\slide0029_image106.gif <-- calliope /u/ssjsin/public_html/GHDSA_files slide0029_image106.gif
2004.05.28 11:15 B C:\Documents and Settings\khoeper\My Documents\Homepage_comsec\Susana\GHDSA_files\slide0030.htm <-- calliope /u/ssjsin/public_html/GHDSA_files slide0030.htm
2004.05.28 11:15 B C:\Documents and Settings\khoeper\My Documents\Homepage_comsec\Susana\GHDSA_files\slide0030_image107.wmz <-- calliope /u/ssjsin/public_html/GHDSA_files slide0030_image107.wmz
2004.05.28 11:15 B C:\Documents and Settings\khoeper\My Documents\Homepage_comsec\Susana\GHDSA_files\slide0030_image108.gif <-- calliope /u/ssjsin/public_html/GHDSA_files slide0030_image108.gif
2004.05.28 11:15 B C:\Documents and Settings\khoeper\My Documents\Homepage_comsec\Susana\GHDSA_files\slide0030_image109.wmz <-- calliope /u/ssjsin/public_html/GHDSA_files slide0030_image109.wmz
2004.05.28 11:15 B C:\Documents and Settings\khoeper\My Documents\Homepage_comsec\Susana\GHDSA_files\slide0030_image110.gif <-- calliope /u/ssjsin/public_html/GHDSA_files slide0030_image110.gif
2004.05.28 11:15 B C:\Documents and Settings\khoeper\My Documents\Homepage_comsec\Susana\GHDSA_files\slide0031.htm <-- calliope /u/ssjsin/public_html/GHDSA_files slide0031.htm
2004.05.28 11:15 B C:\Documents and Settings\khoeper\My Documents\Homepage_comsec\Susana\GHDSA_files\slide0031_image105.wmz <-- calliope /u/ssjsin/public_html/GHDSA_files slide0031_image105.wmz
2004.05.28 11:15 B C:\Documents and Settings\khoeper\My Documents\Homepage_comsec\Susana\GHDSA_files\slide0031_image106.gif <-- calliope /u/ssjsin/public_html/GHDSA_files slide0031_image106.gif
2004.05.28 11:15 B C:\Documents and Settings\khoeper\My Documents\Homepage_comsec\Susana\GHDSA_files\slide0031_image107.wmz <-- calliope /u/ssjsin/public_html/GHDSA_files slide0031_image107.wmz
2004.05.28 11:15 B C:\Documents and Settings\khoeper\My Documents\Homepage_comsec\Susana\GHDSA_files\slide0031_image108.gif <-- calliope /u/ssjsin/public_html/GHDSA_files slide0031_image108.gif
2004.05.28 11:15 B C:\Documents and Settings\khoeper\My Documents\Homepage_comsec\Susana\GHDSA_files\slide0032.htm <-- calliope /u/ssjsin/public_html/GHDSA_files slide0032.htm
2004.05.28 11:15 B C:\Documents and Settings\khoeper\My Documents\Homepage_comsec\Susana\GHDSA_files\slide0033.htm <-- calliope /u/ssjsin/public_html/GHDSA_files slide0033.htm
2004.05.28 11:57 B C:\Documents and Settings\khoeper\My Documents\Homepage_comsec\Susana\GHDSA_files\buttons.gif --> comsec.uwaterloo.ca /u/comsec/public_html/Susana/GHDSA_files buttons.gif
2004.05.28 11:57 B C:\Documents and Settings\khoeper\My Documents\Homepage_comsec\Susana\GHDSA_files\filelist.xml --> comsec.uwaterloo.ca /u/comsec/public_html/Susana/GHDSA_files filelist.xml
2004.05.28 11:57 B C:\Documents and Settings\khoeper\My Documents\Homepage_comsec\Susana\GHDSA_files\frame.htm --> comsec.uwaterloo.ca /u/comsec/public_html/Susana/GHDSA_files frame.htm
2004.05.28 11:57 B C:\Documents and Settings\khoeper\My Documents\Homepage_comsec\Susana\GHDSA_files\fullscreen.htm --> comsec.uwaterloo.ca /u/comsec/public_html/Susana/GHDSA_files fullscreen.htm
2004.05.28 11:57 B C:\Documents and Settings\khoeper\My Documents\Homepage_comsec\Susana\GHDSA_files\master02.htm --> comsec.uwaterloo.ca /u/comsec/public_html/Susana/GHDSA_files master02.htm
2004.05.28 11:57 B C:\Documents and Settings\khoeper\My Documents\Homepage_comsec\Susana\GHDSA_files\master03.htm --> comsec.uwaterloo.ca /u/comsec/public_html/Susana/GHDSA_files master03.htm
2004.05.28 11:57 B C:\Documents and Settings\khoeper\My Documents\Homepage_comsec\Susana\GHDSA_files\master03.xml --> comsec.uwaterloo.ca /u/comsec/public_html/Susana/GHDSA_files master03.xml
2004.05.28 11:57 B C:\Documents and Settings\khoeper\My Documents\Homepage_comsec\Susana\GHDSA_files\master03_stylesheet.css --> comsec.uwaterloo.ca /u/comsec/public_html/Susana/GHDSA_files master03_stylesheet.css
2004.05.28 11:57 B C:\Documents and Settings\khoeper\My Documents\Homepage_comsec\Susana\GHDSA_files\master04.htm --> comsec.uwaterloo.ca /u/comsec/public_html/Susana/GHDSA_files master04.htm
2004.05.28 11:57 B C:\Documents and Settings\khoeper\My Documents\Homepage_comsec\Susana\GHDSA_files\master04.xml --> comsec.uwaterloo.ca /u/comsec/public_html/Susana/GHDSA_files master04.xml
2004.05.28 11:57 B C:\Documents and Settings\khoeper\My Documents\Homepage_comsec\Susana\GHDSA_files\master04_image003.gif --> comsec.uwaterloo.ca /u/comsec/public_html/Susana/GHDSA_files master04_image003.gif
2004.05.28 11:57 B C:\Documents and Settings\khoeper\My Documents\Homepage_comsec\Susana\GHDSA_files\master04_image004.jpg --> comsec.uwaterloo.ca /u/comsec/public_html/Susana/GHDSA_files master04_image004.jpg
2004.05.28 11:57 B C:\Documents and Settings\khoeper\My Documents\Homepage_comsec\Susana\GHDSA_files\master04_stylesheet.css --> comsec.uwaterloo.ca /u/comsec/public_html/Susana/GHDSA_files master04_stylesheet.css
2004.05.28 11:57 B C:\Documents and Settings\khoeper\My Documents\Homepage_comsec\Susana\GHDSA_files\master05.htm --> comsec.uwaterloo.ca /u/comsec/public_html/Susana/GHDSA_files master05.htm
2004.05.28 11:57 B C:\Documents and Settings\khoeper\My Documents\Homepage_comsec\Susana\GHDSA_files\master05.xml --> comsec.uwaterloo.ca /u/comsec/public_html/Susana/GHDSA_files master05.xml
2004.05.28 11:57 B C:\Documents and Settings\khoeper\My Documents\Homepage_comsec\Susana\GHDSA_files\master05_background.gif --> comsec.uwaterloo.ca /u/comsec/public_html/Susana/GHDSA_files master05_background.gif
2004.05.28 11:57 B C:\Documents and Settings\khoeper\My Documents\Homepage_comsec\Susana\GHDSA_files\master05_image001.jpg --> comsec.uwaterloo.ca /u/comsec/public_html/Susana/GHDSA_files master05_image001.jpg
2004.05.28 11:57 B C:\Documents and Settings\khoeper\My Documents\Homepage_comsec\Susana\GHDSA_files\master05_image002.jpg --> comsec.uwaterloo.ca /u/comsec/public_html/Susana/GHDSA_files master05_image002.jpg
2004.05.28 11:57 B C:\Documents and Settings\khoeper\My Documents\Homepage_comsec\Susana\GHDSA_files\oledata.mso --> comsec.uwaterloo.ca /u/comsec/public_html/Susana/GHDSA_files oledata.mso
2004.05.28 11:57 B C:\Documents and Settings\khoeper\My Documents\Homepage_comsec\Susana\GHDSA_files\outline.htm --> comsec.uwaterloo.ca /u/comsec/public_html/Susana/GHDSA_files outline.htm
2004.05.28 11:57 B C:\Documents and Settings\khoeper\My Documents\Homepage_comsec\Susana\GHDSA_files\pres.xml --> comsec.uwaterloo.ca /u/comsec/public_html/Susana/GHDSA_files pres.xml
2004.05.28 11:57 B C:\Documents and Settings\khoeper\My Documents\Homepage_comsec\Susana\GHDSA_files\preview.wmf --> comsec.uwaterloo.ca /u/comsec/public_html/Susana/GHDSA_files preview.wmf
2004.05.28 11:57 B C:\Documents and Settings\khoeper\My Documents\Homepage_comsec\Susana\GHDSA_files\script.js --> comsec.uwaterloo.ca /u/comsec/public_html/Susana/GHDSA_files script.js
2004.05.28 11:57 B C:\Documents and Settings\khoeper\My Documents\Homepage_comsec\Susana\GHDSA_files\slide0001.htm --> comsec.uwaterloo.ca /u/comsec/public_html/Susana/GHDSA_files slide0001.htm
2004.05.28 11:57 B C:\Documents and Settings\khoeper\My Documents\Homepage_comsec\Susana\GHDSA_files\slide0002.htm --> comsec.uwaterloo.ca /u/comsec/public_html/Susana/GHDSA_files slide0002.htm
2004.05.28 11:57 B C:\Documents and Settings\khoeper\My Documents\Homepage_comsec\Susana\GHDSA_files\slide0003.htm --> comsec.uwaterloo.ca /u/comsec/public_html/Susana/GHDSA_files slide0003.htm
2004.05.28 11:57 B C:\Documents and Settings\khoeper\My Documents\Homepage_comsec\Susana\GHDSA_files\slide0004.htm --> comsec.uwaterloo.ca /u/comsec/public_html/Susana/GHDSA_files slide0004.htm
2004.05.28 11:57 B C:\Documents and Settings\khoeper\My Documents\Homepage_comsec\Susana\GHDSA_files\slide0004_image005.wmz --> comsec.uwaterloo.ca /u/comsec/public_html/Susana/GHDSA_files slide0004_image005.wmz
2004.05.28 11:57 B C:\Documents and Settings\khoeper\My Documents\Homepage_comsec\Susana\GHDSA_files\slide0004_image006.gif --> comsec.uwaterloo.ca /u/comsec/public_html/Susana/GHDSA_files slide0004_image006.gif
2004.05.28 11:57 B C:\Documents and Settings\khoeper\My Documents\Homepage_comsec\Susana\GHDSA_files\slide0004_image007.wmz --> comsec.uwaterloo.ca /u/comsec/public_html/Susana/GHDSA_files slide0004_image007.wmz
2004.05.28 11:57 B C:\Documents and Settings\khoeper\My Documents\Homepage_comsec\Susana\GHDSA_files\slide0004_image008.gif --> comsec.uwaterloo.ca /u/comsec/public_html/Susana/GHDSA_files slide0004_image008.gif
2004.05.28 11:57 B C:\Documents and Settings\khoeper\My Documents\Homepage_comsec\Susana\GHDSA_files\slide0004_image009.wmz --> comsec.uwaterloo.ca /u/comsec/public_html/Susana/GHDSA_files slide0004_image009.wmz
2004.05.28 11:57 B C:\Documents and Settings\khoeper\My Documents\Homepage_comsec\Susana\GHDSA_files\slide0004_image010.gif --> comsec.uwaterloo.ca /u/comsec/public_html/Susana/GHDSA_files slide0004_image010.gif
2004.05.28 11:57 B C:\Documents and Settings\khoeper\My Documents\Homepage_comsec\Susana\GHDSA_files\slide0005.htm --> comsec.uwaterloo.ca /u/comsec/public_html/Susana/GHDSA_files slide0005.htm
2004.05.28 11:57 B C:\Documents and Settings\khoeper\My Documents\Homepage_comsec\Susana\GHDSA_files\slide0007.htm --> comsec.uwaterloo.ca /u/comsec/public_html/Susana/GHDSA_files slide0007.htm
2004.05.28 11:57 B C:\Documents and Settings\khoeper\My Documents\Homepage_comsec\Susana\GHDSA_files\slide0007_image043.gif --> comsec.uwaterloo.ca /u/comsec/public_html/Susana/GHDSA_files slide0007_image043.gif
2004.05.28 11:57 B C:\Documents and Settings\khoeper\My Documents\Homepage_comsec\Susana\GHDSA_files\slide0007_image044.jpg --> comsec.uwaterloo.ca /u/comsec/public_html/Susana/GHDSA_files slide0007_image044.jpg
2004.05.28 11:57 B C:\Documents and Settings\khoeper\My Documents\Homepage_comsec\Susana\GHDSA_files\slide0007_image045.jpg --> comsec.uwaterloo.ca /u/comsec/public_html/Susana/GHDSA_files slide0007_image045.jpg
2004.05.28 11:57 B C:\Documents and Settings\khoeper\My Documents\Homepage_comsec\Susana\GHDSA_files\slide0007_image046.gif --> comsec.uwaterloo.ca /u/comsec/public_html/Susana/GHDSA_files slide0007_image046.gif
2004.05.28 11:57 B C:\Documents and Settings\khoeper\My Documents\Homepage_comsec\Susana\GHDSA_files\slide0007_image047.gif --> comsec.uwaterloo.ca /u/comsec/public_html/Susana/GHDSA_files slide0007_image047.gif
2004.05.28 11:57 B C:\Documents and Settings\khoeper\My Documents\Homepage_comsec\Susana\GHDSA_files\slide0008.htm --> comsec.uwaterloo.ca /u/comsec/public_html/Susana/GHDSA_files slide0008.htm
2004.05.28 11:57 B C:\Documents and Settings\khoeper\My Documents\Homepage_comsec\Susana\GHDSA_files\slide0008_image061.wmz --> comsec.uwaterloo.ca /u/comsec/public_html/Susana/GHDSA_files slide0008_image061.wmz
2004.05.28 11:57 B C:\Documents and Settings\khoeper\My Documents\Homepage_comsec\Susana\GHDSA_files\slide0008_image062.gif --> comsec.uwaterloo.ca /u/comsec/public_html/Susana/GHDSA_files slide0008_image062.gif
2004.05.28 11:57 B C:\Documents and Settings\khoeper\My Documents\Homepage_comsec\Susana\GHDSA_files\slide0009.htm --> comsec.uwaterloo.ca /u/comsec/public_html/Susana/GHDSA_files slide0009.htm
2004.05.28 11:57 B C:\Documents and Settings\khoeper\My Documents\Homepage_comsec\Susana\GHDSA_files\slide0009_image086.jpg --> comsec.uwaterloo.ca /u/comsec/public_html/Susana/GHDSA_files slide0009_image086.jpg
2004.05.28 11:57 B C:\Documents and Settings\khoeper\My Documents\Homepage_comsec\Susana\GHDSA_files\slide0009_image087.jpg --> comsec.uwaterloo.ca /u/comsec/public_html/Susana/GHDSA_files slide0009_image087.jpg
2004.05.28 11:57 B C:\Documents and Settings\khoeper\My Documents\Homepage_comsec\Susana\GHDSA_files\slide0009_image088.jpg --> comsec.uwaterloo.ca /u/comsec/public_html/Susana/GHDSA_files slide0009_image088.jpg
2004.05.28 11:57 B C:\Documents and Settings\khoeper\My Documents\Homepage_comsec\Susana\GHDSA_files\slide0009_image089.gif --> comsec.uwaterloo.ca /u/comsec/public_html/Susana/GHDSA_files slide0009_image089.gif
2004.05.28 11:57 B C:\Documents and Settings\khoeper\My Documents\Homepage_comsec\Susana\GHDSA_files\slide0010.htm --> comsec.uwaterloo.ca /u/comsec/public_html/Susana/GHDSA_files slide0010.htm
2004.05.28 11:57 B C:\Documents and Settings\khoeper\My Documents\Homepage_comsec\Susana\GHDSA_files\slide0011.htm --> comsec.uwaterloo.ca /u/comsec/public_html/Susana/GHDSA_files slide0011.htm
2004.05.28 11:57 B C:\Documents and Settings\khoeper\My Documents\Homepage_comsec\Susana\GHDSA_files\slide0011_image101.gif --> comsec.uwaterloo.ca /u/comsec/public_html/Susana/GHDSA_files slide0011_image101.gif
2004.05.28 11:57 B C:\Documents and Settings\khoeper\My Documents\Homepage_comsec\Susana\GHDSA_files\slide0011_image102.gif --> comsec.uwaterloo.ca /u/comsec/public_html/Susana/GHDSA_files slide0011_image102.gif
2004.05.28 11:57 B C:\Documents and Settings\khoeper\My Documents\Homepage_comsec\Susana\GHDSA_files\slide0012.htm --> comsec.uwaterloo.ca /u/comsec/public_html/Susana/GHDSA_files slide0012.htm
2004.05.28 11:57 B C:\Documents and Settings\khoeper\My Documents\Homepage_comsec\Susana\GHDSA_files\slide0013.htm --> comsec.uwaterloo.ca /u/comsec/public_html/Susana/GHDSA_files slide0013.htm
2004.05.28 11:57 B C:\Documents and Settings\khoeper\My Documents\Homepage_comsec\Susana\GHDSA_files\slide0014.htm --> comsec.uwaterloo.ca /u/comsec/public_html/Susana/GHDSA_files slide0014.htm
2004.05.28 11:57 B C:\Documents and Settings\khoeper\My Documents\Homepage_comsec\Susana\GHDSA_files\slide0014_image025.wmz --> comsec.uwaterloo.ca /u/comsec/public_html/Susana/GHDSA_files slide0014_image025.wmz
2004.05.28 11:57 B C:\Documents and Settings\khoeper\My Documents\Homepage_comsec\Susana\GHDSA_files\slide0014_image026.gif --> comsec.uwaterloo.ca /u/comsec/public_html/Susana/GHDSA_files slide0014_image026.gif
2004.05.28 11:57 B C:\Documents and Settings\khoeper\My Documents\Homepage_comsec\Susana\GHDSA_files\slide0014_image027.wmz --> comsec.uwaterloo.ca /u/comsec/public_html/Susana/GHDSA_files slide0014_image027.wmz
2004.05.28 11:57 B C:\Documents and Settings\khoeper\My Documents\Homepage_comsec\Susana\GHDSA_files\slide0014_image028.gif --> comsec.uwaterloo.ca /u/comsec/public_html/Susana/GHDSA_files slide0014_image028.gif
2004.05.28 11:57 B C:\Documents and Settings\khoeper\My Documents\Homepage_comsec\Susana\GHDSA_files\slide0014_image029.wmz --> comsec.uwaterloo.ca /u/comsec/public_html/Susana/GHDSA_files slide0014_image029.wmz
2004.05.28 11:57 B C:\Documents and Settings\khoeper\My Documents\Homepage_comsec\Susana\GHDSA_files\slide0014_image030.gif --> comsec.uwaterloo.ca /u/comsec/public_html/Susana/GHDSA_files slide0014_image030.gif
2004.05.28 11:57 B C:\Documents and Settings\khoeper\My Documents\Homepage_comsec\Susana\GHDSA_files\slide0014_image031.wmz --> comsec.uwaterloo.ca /u/comsec/public_html/Susana/GHDSA_files slide0014_image031.wmz
2004.05.28 11:57 B C:\Documents and Settings\khoeper\My Documents\Homepage_comsec\Susana\GHDSA_files\slide0014_image032.gif --> comsec.uwaterloo.ca /u/comsec/public_html/Susana/GHDSA_files slide0014_image032.gif
2004.05.28 11:57 B C:\Documents and Settings\khoeper\My Documents\Homepage_comsec\Susana\GHDSA_files\slide0014_image033.wmz --> comsec.uwaterloo.ca /u/comsec/public_html/Susana/GHDSA_files slide0014_image033.wmz
2004.05.28 11:57 B C:\Documents and Settings\khoeper\My Documents\Homepage_comsec\Susana\GHDSA_files\slide0014_image034.gif --> comsec.uwaterloo.ca /u/comsec/public_html/Susana/GHDSA_files slide0014_image034.gif
2004.05.28 11:57 B C:\Documents and Settings\khoeper\My Documents\Homepage_comsec\Susana\GHDSA_files\slide0014_image035.gif --> comsec.uwaterloo.ca /u/comsec/public_html/Susana/GHDSA_files slide0014_image035.gif
2004.05.28 11:57 B C:\Documents and Settings\khoeper\My Documents\Homepage_comsec\Susana\GHDSA_files\slide0014_image036.gif --> comsec.uwaterloo.ca /u/comsec/public_html/Susana/GHDSA_files slide0014_image036.gif
2004.05.28 11:57 B C:\Documents and Settings\khoeper\My Documents\Homepage_comsec\Susana\GHDSA_files\slide0014_image037.gif --> comsec.uwaterloo.ca /u/comsec/public_html/Susana/GHDSA_files slide0014_image037.gif
2004.05.28 11:57 B C:\Documents and Settings\khoeper\My Documents\Homepage_comsec\Susana\GHDSA_files\slide0014_image038.gif --> comsec.uwaterloo.ca /u/comsec/public_html/Susana/GHDSA_files slide0014_image038.gif
2004.05.28 11:57 B C:\Documents and Settings\khoeper\My Documents\Homepage_comsec\Susana\GHDSA_files\slide0014_image039.gif --> comsec.uwaterloo.ca /u/comsec/public_html/Susana/GHDSA_files slide0014_image039.gif
2004.05.28 11:57 B C:\Documents and Settings\khoeper\My Documents\Homepage_comsec\Susana\GHDSA_files\slide0014_image040.gif --> comsec.uwaterloo.ca /u/comsec/public_html/Susana/GHDSA_files slide0014_image040.gif
2004.05.28 11:57 B C:\Documents and Settings\khoeper\My Documents\Homepage_comsec\Susana\GHDSA_files\slide0014_image041.gif --> comsec.uwaterloo.ca /u/comsec/public_html/Susana/GHDSA_files slide0014_image041.gif
2004.05.28 11:57 B C:\Documents and Settings\khoeper\My Documents\Homepage_comsec\Susana\GHDSA_files\slide0014_image042.gif --> comsec.uwaterloo.ca /u/comsec/public_html/Susana/GHDSA_files slide0014_image042.gif
2004.05.28 11:57 B C:\Documents and Settings\khoeper\My Documents\Homepage_comsec\Susana\GHDSA_files\slide0015.htm --> comsec.uwaterloo.ca /u/comsec/public_html/Susana/GHDSA_files slide0015.htm
2004.05.28 11:57 B C:\Documents and Settings\khoeper\My Documents\Homepage_comsec\Susana\GHDSA_files\slide0015_image016.emz --> comsec.uwaterloo.ca /u/comsec/public_html/Susana/GHDSA_files slide0015_image016.emz
2004.05.28 11:57 B C:\Documents and Settings\khoeper\My Documents\Homepage_comsec\Susana\GHDSA_files\slide0015_image017.gif --> comsec.uwaterloo.ca /u/comsec/public_html/Susana/GHDSA_files slide0015_image017.gif
2004.05.28 11:57 B C:\Documents and Settings\khoeper\My Documents\Homepage_comsec\Susana\GHDSA_files\slide0015_image018.emz --> comsec.uwaterloo.ca /u/comsec/public_html/Susana/GHDSA_files slide0015_image018.emz
2004.05.28 11:57 B C:\Documents and Settings\khoeper\My Documents\Homepage_comsec\Susana\GHDSA_files\slide0015_image019.gif --> comsec.uwaterloo.ca /u/comsec/public_html/Susana/GHDSA_files slide0015_image019.gif
2004.05.28 11:57 B C:\Documents and Settings\khoeper\My Documents\Homepage_comsec\Susana\GHDSA_files\slide0015_image020.emz --> comsec.uwaterloo.ca /u/comsec/public_html/Susana/GHDSA_files slide0015_image020.emz
2004.05.28 11:57 B C:\Documents and Settings\khoeper\My Documents\Homepage_comsec\Susana\GHDSA_files\slide0015_image021.emz --> comsec.uwaterloo.ca /u/comsec/public_html/Susana/GHDSA_files slide0015_image021.emz
2004.05.28 11:57 B C:\Documents and Settings\khoeper\My Documents\Homepage_comsec\Susana\GHDSA_files\slide0015_image022.gif --> comsec.uwaterloo.ca /u/comsec/public_html/Susana/GHDSA_files slide0015_image022.gif
2004.05.28 11:57 B C:\Documents and Settings\khoeper\My Documents\Homepage_comsec\Susana\GHDSA_files\slide0015_image023.emz --> comsec.uwaterloo.ca /u/comsec/public_html/Susana/GHDSA_files slide0015_image023.emz
2004.05.28 11:57 B C:\Documents and Settings\khoeper\My Documents\Homepage_comsec\Susana\GHDSA_files\slide0015_image024.gif --> comsec.uwaterloo.ca /u/comsec/public_html/Susana/GHDSA_files slide0015_image024.gif
2004.05.28 11:57 B C:\Documents and Settings\khoeper\My Documents\Homepage_comsec\Susana\GHDSA_files\slide0017.htm --> comsec.uwaterloo.ca /u/comsec/public_html/Susana/GHDSA_files slide0017.htm
2004.05.28 11:57 B C:\Documents and Settings\khoeper\My Documents\Homepage_comsec\Susana\GHDSA_files\slide0017_image011.wmz --> comsec.uwaterloo.ca /u/comsec/public_html/Susana/GHDSA_files slide0017_image011.wmz
2004.05.28 11:57 B C:\Documents and Settings\khoeper\My Documents\Homepage_comsec\Susana\GHDSA_files\slide0017_image012.gif --> comsec.uwaterloo.ca /u/comsec/public_html/Susana/GHDSA_files slide0017_image012.gif
2004.05.28 11:57 B C:\Documents and Settings\khoeper\My Documents\Homepage_comsec\Susana\GHDSA_files\slide0017_image013.wmz --> comsec.uwaterloo.ca /u/comsec/public_html/Susana/GHDSA_files slide0017_image013.wmz
2004.05.28 11:57 B C:\Documents and Settings\khoeper\My Documents\Homepage_comsec\Susana\GHDSA_files\slide0017_image014.gif --> comsec.uwaterloo.ca /u/comsec/public_html/Susana/GHDSA_files slide0017_image014.gif
2004.05.28 11:57 B C:\Documents and Settings\khoeper\My Documents\Homepage_comsec\Susana\GHDSA_files\slide0017_image015.gif --> comsec.uwaterloo.ca /u/comsec/public_html/Susana/GHDSA_files slide0017_image015.gif
2004.05.28 11:57 B C:\Documents and Settings\khoeper\My Documents\Homepage_comsec\Susana\GHDSA_files\slide0018.htm --> comsec.uwaterloo.ca /u/comsec/public_html/Susana/GHDSA_files slide0018.htm
2004.05.28 11:57 B C:\Documents and Settings\khoeper\My Documents\Homepage_comsec\Susana\GHDSA_files\slide0018_image048.wmz --> comsec.uwaterloo.ca /u/comsec/public_html/Susana/GHDSA_files slide0018_image048.wmz
2004.05.28 11:57 B C:\Documents and Settings\khoeper\My Documents\Homepage_comsec\Susana\GHDSA_files\slide0018_image049.gif --> comsec.uwaterloo.ca /u/comsec/public_html/Susana/GHDSA_files slide0018_image049.gif
2004.05.28 11:57 B C:\Documents and Settings\khoeper\My Documents\Homepage_comsec\Susana\GHDSA_files\slide0018_image050.wmz --> comsec.uwaterloo.ca /u/comsec/public_html/Susana/GHDSA_files slide0018_image050.wmz
2004.05.28 11:57 B C:\Documents and Settings\khoeper\My Documents\Homepage_comsec\Susana\GHDSA_files\slide0018_image051.gif --> comsec.uwaterloo.ca /u/comsec/public_html/Susana/GHDSA_files slide0018_image051.gif
2004.05.28 11:57 B C:\Documents and Settings\khoeper\My Documents\Homepage_comsec\Susana\GHDSA_files\slide0018_image052.wmz --> comsec.uwaterloo.ca /u/comsec/public_html/Susana/GHDSA_files slide0018_image052.wmz
2004.05.28 11:57 B C:\Documents and Settings\khoeper\My Documents\Homepage_comsec\Susana\GHDSA_files\slide0018_image053.gif --> comsec.uwaterloo.ca /u/comsec/public_html/Susana/GHDSA_files slide0018_image053.gif
2004.05.28 11:57 B C:\Documents and Settings\khoeper\My Documents\Homepage_comsec\Susana\GHDSA_files\slide0018_image054.gif --> comsec.uwaterloo.ca /u/comsec/public_html/Susana/GHDSA_files slide0018_image054.gif
2004.05.28 11:57 B C:\Documents and Settings\khoeper\My Documents\Homepage_comsec\Susana\GHDSA_files\slide0019.htm --> comsec.uwaterloo.ca /u/comsec/public_html/Susana/GHDSA_files slide0019.htm
2004.05.28 11:57 B C:\Documents and Settings\khoeper\My Documents\Homepage_comsec\Susana\GHDSA_files\slide0019_image063.wmz --> comsec.uwaterloo.ca /u/comsec/public_html/Susana/GHDSA_files slide0019_image063.wmz
2004.05.28 11:57 B C:\Documents and Settings\khoeper\My Documents\Homepage_comsec\Susana\GHDSA_files\slide0019_image064.wmz --> comsec.uwaterloo.ca /u/comsec/public_html/Susana/GHDSA_files slide0019_image064.wmz
2004.05.28 11:57 B C:\Documents and Settings\khoeper\My Documents\Homepage_comsec\Susana\GHDSA_files\slide0019_image065.wmz --> comsec.uwaterloo.ca /u/comsec/public_html/Susana/GHDSA_files slide0019_image065.wmz
2004.05.28 11:57 B C:\Documents and Settings\khoeper\My Documents\Homepage_comsec\Susana\GHDSA_files\slide0019_image066.gif --> comsec.uwaterloo.ca /u/comsec/public_html/Susana/GHDSA_files slide0019_image066.gif
2004.05.28 11:57 B C:\Documents and Settings\khoeper\My Documents\Homepage_comsec\Susana\GHDSA_files\slide0020.htm --> comsec.uwaterloo.ca /u/comsec/public_html/Susana/GHDSA_files slide0020.htm
2004.05.28 11:57 B C:\Documents and Settings\khoeper\My Documents\Homepage_comsec\Susana\GHDSA_files\slide0020_image067.wmz --> comsec.uwaterloo.ca /u/comsec/public_html/Susana/GHDSA_files slide0020_image067.wmz
2004.05.28 11:57 B C:\Documents and Settings\khoeper\My Documents\Homepage_comsec\Susana\GHDSA_files\slide0020_image068.gif --> comsec.uwaterloo.ca /u/comsec/public_html/Susana/GHDSA_files slide0020_image068.gif
2004.05.28 11:57 B C:\Documents and Settings\khoeper\My Documents\Homepage_comsec\Susana\GHDSA_files\slide0020_image069.wmz --> comsec.uwaterloo.ca /u/comsec/public_html/Susana/GHDSA_files slide0020_image069.wmz
2004.05.28 11:57 B C:\Documents and Settings\khoeper\My Documents\Homepage_comsec\Susana\GHDSA_files\slide0020_image070.gif --> comsec.uwaterloo.ca /u/comsec/public_html/Susana/GHDSA_files slide0020_image070.gif
2004.05.28 11:57 B C:\Documents and Settings\khoeper\My Documents\Homepage_comsec\Susana\GHDSA_files\slide0020_image071.wmz --> comsec.uwaterloo.ca /u/comsec/public_html/Susana/GHDSA_files slide0020_image071.wmz
2004.05.28 11:57 B C:\Documents and Settings\khoeper\My Documents\Homepage_comsec\Susana\GHDSA_files\slide0020_image072.gif --> comsec.uwaterloo.ca /u/comsec/public_html/Susana/GHDSA_files slide0020_image072.gif
2004.05.28 11:57 B C:\Documents and Settings\khoeper\My Documents\Homepage_comsec\Susana\GHDSA_files\slide0020_image073.wmz --> comsec.uwaterloo.ca /u/comsec/public_html/Susana/GHDSA_files slide0020_image073.wmz
2004.05.28 11:57 B C:\Documents and Settings\khoeper\My Documents\Homepage_comsec\Susana\GHDSA_files\slide0020_image074.wmz --> comsec.uwaterloo.ca /u/comsec/public_html/Susana/GHDSA_files slide0020_image074.wmz
2004.05.28 11:57 B C:\Documents and Settings\khoeper\My Documents\Homepage_comsec\Susana\GHDSA_files\slide0020_image075.wmz --> comsec.uwaterloo.ca /u/comsec/public_html/Susana/GHDSA_files slide0020_image075.wmz
2004.05.28 11:57 B C:\Documents and Settings\khoeper\My Documents\Homepage_comsec\Susana\GHDSA_files\slide0020_image076.gif --> comsec.uwaterloo.ca /u/comsec/public_html/Susana/GHDSA_files slide0020_image076.gif
2004.05.28 11:57 B C:\Documents and Settings\khoeper\My Documents\Homepage_comsec\Susana\GHDSA_files\slide0021.htm --> comsec.uwaterloo.ca /u/comsec/public_html/Susana/GHDSA_files slide0021.htm
2004.05.28 11:57 B C:\Documents and Settings\khoeper\My Documents\Homepage_comsec\Susana\GHDSA_files\slide0021_image082.wmz --> comsec.uwaterloo.ca /u/comsec/public_html/Susana/GHDSA_files slide0021_image082.wmz
2004.05.28 11:57 B C:\Documents and Settings\khoeper\My Documents\Homepage_comsec\Susana\GHDSA_files\slide0021_image083.gif --> comsec.uwaterloo.ca /u/comsec/public_html/Susana/GHDSA_files slide0021_image083.gif
2004.05.28 11:57 B C:\Documents and Settings\khoeper\My Documents\Homepage_comsec\Susana\GHDSA_files\slide0021_image084.wmz --> comsec.uwaterloo.ca /u/comsec/public_html/Susana/GHDSA_files slide0021_image084.wmz
2004.05.28 11:57 B C:\Documents and Settings\khoeper\My Documents\Homepage_comsec\Susana\GHDSA_files\slide0021_image085.gif --> comsec.uwaterloo.ca /u/comsec/public_html/Susana/GHDSA_files slide0021_image085.gif
2004.05.28 11:57 B C:\Documents and Settings\khoeper\My Documents\Homepage_comsec\Susana\GHDSA_files\slide0022.htm --> comsec.uwaterloo.ca /u/comsec/public_html/Susana/GHDSA_files slide0022.htm
2004.05.28 11:57 B C:\Documents and Settings\khoeper\My Documents\Homepage_comsec\Susana\GHDSA_files\slide0022_image077.wmz --> comsec.uwaterloo.ca /u/comsec/public_html/Susana/GHDSA_files slide0022_image077.wmz
2004.05.28 11:57 B C:\Documents and Settings\khoeper\My Documents\Homepage_comsec\Susana\GHDSA_files\slide0022_image078.gif --> comsec.uwaterloo.ca /u/comsec/public_html/Susana/GHDSA_files slide0022_image078.gif
2004.05.28 11:57 B C:\Documents and Settings\khoeper\My Documents\Homepage_comsec\Susana\GHDSA_files\slide0022_image079.wmz --> comsec.uwaterloo.ca /u/comsec/public_html/Susana/GHDSA_files slide0022_image079.wmz
2004.05.28 11:57 B C:\Documents and Settings\khoeper\My Documents\Homepage_comsec\Susana\GHDSA_files\slide0022_image080.gif --> comsec.uwaterloo.ca /u/comsec/public_html/Susana/GHDSA_files slide0022_image080.gif
2004.05.28 11:57 B C:\Documents and Settings\khoeper\My Documents\Homepage_comsec\Susana\GHDSA_files\slide0022_image081.gif --> comsec.uwaterloo.ca /u/comsec/public_html/Susana/GHDSA_files slide0022_image081.gif
2004.05.28 11:57 B C:\Documents and Settings\khoeper\My Documents\Homepage_comsec\Susana\GHDSA_files\slide0023.htm --> comsec.uwaterloo.ca /u/comsec/public_html/Susana/GHDSA_files slide0023.htm
2004.05.28 11:57 B C:\Documents and Settings\khoeper\My Documents\Homepage_comsec\Susana\GHDSA_files\slide0023_image090.jpg --> comsec.uwaterloo.ca /u/comsec/public_html/Susana/GHDSA_files slide0023_image090.jpg
2004.05.28 11:57 B C:\Documents and Settings\khoeper\My Documents\Homepage_comsec\Susana\GHDSA_files\slide0023_image091.jpg --> comsec.uwaterloo.ca /u/comsec/public_html/Susana/GHDSA_files slide0023_image091.jpg
2004.05.28 11:57 B C:\Documents and Settings\khoeper\My Documents\Homepage_comsec\Susana\GHDSA_files\slide0024.htm --> comsec.uwaterloo.ca /u/comsec/public_html/Susana/GHDSA_files slide0024.htm
2004.05.28 11:57 B C:\Documents and Settings\khoeper\My Documents\Homepage_comsec\Susana\GHDSA_files\slide0024_image092.wmz --> comsec.uwaterloo.ca /u/comsec/public_html/Susana/GHDSA_files slide0024_image092.wmz
2004.05.28 11:57 B C:\Documents and Settings\khoeper\My Documents\Homepage_comsec\Susana\GHDSA_files\slide0024_image093.gif --> comsec.uwaterloo.ca /u/comsec/public_html/Susana/GHDSA_files slide0024_image093.gif
2004.05.28 11:57 B C:\Documents and Settings\khoeper\My Documents\Homepage_comsec\Susana\GHDSA_files\slide0024_image094.wmz --> comsec.uwaterloo.ca /u/comsec/public_html/Susana/GHDSA_files slide0024_image094.wmz
2004.05.28 11:57 B C:\Documents and Settings\khoeper\My Documents\Homepage_comsec\Susana\GHDSA_files\slide0024_image095.gif --> comsec.uwaterloo.ca /u/comsec/public_html/Susana/GHDSA_files slide0024_image095.gif
2004.05.28 11:57 B C:\Documents and Settings\khoeper\My Documents\Homepage_comsec\Susana\GHDSA_files\slide0024_image096.gif --> comsec.uwaterloo.ca /u/comsec/public_html/Susana/GHDSA_files slide0024_image096.gif
2004.05.28 11:57 B C:\Documents and Settings\khoeper\My Documents\Homepage_comsec\Susana\GHDSA_files\slide0025.htm --> comsec.uwaterloo.ca /u/comsec/public_html/Susana/GHDSA_files slide0025.htm
2004.05.28 11:57 B C:\Documents and Settings\khoeper\My Documents\Homepage_comsec\Susana\GHDSA_files\slide0025_image097.wmz --> comsec.uwaterloo.ca /u/comsec/public_html/Susana/GHDSA_files slide0025_image097.wmz
2004.05.28 11:57 B C:\Documents and Settings\khoeper\My Documents\Homepage_comsec\Susana\GHDSA_files\slide0025_image098.gif --> comsec.uwaterloo.ca /u/comsec/public_html/Susana/GHDSA_files slide0025_image098.gif
2004.05.28 11:57 B C:\Documents and Settings\khoeper\My Documents\Homepage_comsec\Susana\GHDSA_files\slide0025_image099.wmz --> comsec.uwaterloo.ca /u/comsec/public_html/Susana/GHDSA_files slide0025_image099.wmz
2004.05.28 11:57 B C:\Documents and Settings\khoeper\My Documents\Homepage_comsec\Susana\GHDSA_files\slide0025_image100.gif --> comsec.uwaterloo.ca /u/comsec/public_html/Susana/GHDSA_files slide0025_image100.gif
2004.05.28 11:57 B C:\Documents and Settings\khoeper\My Documents\Homepage_comsec\Susana\GHDSA_files\slide0026.htm --> comsec.uwaterloo.ca /u/comsec/public_html/Susana/GHDSA_files slide0026.htm
2004.05.28 11:57 B C:\Documents and Settings\khoeper\My Documents\Homepage_comsec\Susana\GHDSA_files\slide0026_image055.wmz --> comsec.uwaterloo.ca /u/comsec/public_html/Susana/GHDSA_files slide0026_image055.wmz
2004.05.28 11:57 B C:\Documents and Settings\khoeper\My Documents\Homepage_comsec\Susana\GHDSA_files\slide0026_image056.gif --> comsec.uwaterloo.ca /u/comsec/public_html/Susana/GHDSA_files slide0026_image056.gif
2004.05.28 11:57 B C:\Documents and Settings\khoeper\My Documents\Homepage_comsec\Susana\GHDSA_files\slide0026_image057.wmz --> comsec.uwaterloo.ca /u/comsec/public_html/Susana/GHDSA_files slide0026_image057.wmz
2004.05.28 11:57 B C:\Documents and Settings\khoeper\My Documents\Homepage_comsec\Susana\GHDSA_files\slide0026_image058.gif --> comsec.uwaterloo.ca /u/comsec/public_html/Susana/GHDSA_files slide0026_image058.gif
2004.05.28 11:57 B C:\Documents and Settings\khoeper\My Documents\Homepage_comsec\Susana\GHDSA_files\slide0027.htm --> comsec.uwaterloo.ca /u/comsec/public_html/Susana/GHDSA_files slide0027.htm
2004.05.28 11:57 B C:\Documents and Settings\khoeper\My Documents\Homepage_comsec\Susana\GHDSA_files\slide0027_image059.wmz --> comsec.uwaterloo.ca /u/comsec/public_html/Susana/GHDSA_files slide0027_image059.wmz
2004.05.28 11:57 B C:\Documents and Settings\khoeper\My Documents\Homepage_comsec\Susana\GHDSA_files\slide0027_image060.gif --> comsec.uwaterloo.ca /u/comsec/public_html/Susana/GHDSA_files slide0027_image060.gif
2004.05.28 11:57 B C:\Documents and Settings\khoeper\My Documents\Homepage_comsec\Susana\GHDSA_files\slide0028.htm --> comsec.uwaterloo.ca /u/comsec/public_html/Susana/GHDSA_files slide0028.htm
2004.05.28 11:57 B C:\Documents and Settings\khoeper\My Documents\Homepage_comsec\Susana\GHDSA_files\slide0029.htm --> comsec.uwaterloo.ca /u/comsec/public_html/Susana/GHDSA_files slide0029.htm
2004.05.28 11:57 B C:\Documents and Settings\khoeper\My Documents\Homepage_comsec\Susana\GHDSA_files\slide0029_image101.wmz --> comsec.uwaterloo.ca /u/comsec/public_html/Susana/GHDSA_files slide0029_image101.wmz
2004.05.28 11:57 B C:\Documents and Settings\khoeper\My Documents\Homepage_comsec\Susana\GHDSA_files\slide0029_image102.gif --> comsec.uwaterloo.ca /u/comsec/public_html/Susana/GHDSA_files slide0029_image102.gif
2004.05.28 11:57 B C:\Documents and Settings\khoeper\My Documents\Homepage_comsec\Susana\GHDSA_files\slide0029_image103.wmz --> comsec.uwaterloo.ca /u/comsec/public_html/Susana/GHDSA_files slide0029_image103.wmz
2004.05.28 11:57 B C:\Documents and Settings\khoeper\My Documents\Homepage_comsec\Susana\GHDSA_files\slide0029_image104.gif --> comsec.uwaterloo.ca /u/comsec/public_html/Susana/GHDSA_files slide0029_image104.gif
2004.05.28 11:57 B C:\Documents and Settings\khoeper\My Documents\Homepage_comsec\Susana\GHDSA_files\slide0029_image105.wmz --> comsec.uwaterloo.ca /u/comsec/public_html/Susana/GHDSA_files slide0029_image105.wmz
2004.05.28 11:57 B C:\Documents and Settings\khoeper\My Documents\Homepage_comsec\Susana\GHDSA_files\slide0029_image106.gif --> comsec.uwaterloo.ca /u/comsec/public_html/Susana/GHDSA_files slide0029_image106.gif
2004.05.28 11:57 B C:\Documents and Settings\khoeper\My Documents\Homepage_comsec\Susana\GHDSA_files\slide0030.htm --> comsec.uwaterloo.ca /u/comsec/public_html/Susana/GHDSA_files slide0030.htm
2004.05.28 11:57 B C:\Documents and Settings\khoeper\My Documents\Homepage_comsec\Susana\GHDSA_files\slide0030_image107.wmz --> comsec.uwaterloo.ca /u/comsec/public_html/Susana/GHDSA_files slide0030_image107.wmz
2004.05.28 11:57 B C:\Documents and Settings\khoeper\My Documents\Homepage_comsec\Susana\GHDSA_files\slide0030_image108.gif --> comsec.uwaterloo.ca /u/comsec/public_html/Susana/GHDSA_files slide0030_image108.gif
2004.05.28 11:57 B C:\Documents and Settings\khoeper\My Documents\Homepage_comsec\Susana\GHDSA_files\slide0030_image109.wmz --> comsec.uwaterloo.ca /u/comsec/public_html/Susana/GHDSA_files slide0030_image109.wmz
2004.05.28 11:57 B C:\Documents and Settings\khoeper\My Documents\Homepage_comsec\Susana\GHDSA_files\slide0030_image110.gif --> comsec.uwaterloo.ca /u/comsec/public_html/Susana/GHDSA_files slide0030_image110.gif
2004.05.28 11:57 B C:\Documents and Settings\khoeper\My Documents\Homepage_comsec\Susana\GHDSA_files\slide0031.htm --> comsec.uwaterloo.ca /u/comsec/public_html/Susana/GHDSA_files slide0031.htm
2004.05.28 11:57 B C:\Documents and Settings\khoeper\My Documents\Homepage_comsec\Susana\GHDSA_files\slide0031_image105.wmz --> comsec.uwaterloo.ca /u/comsec/public_html/Susana/GHDSA_files slide0031_image105.wmz
2004.05.28 11:57 B C:\Documents and Settings\khoeper\My Documents\Homepage_comsec\Susana\GHDSA_files\slide0031_image106.gif --> comsec.uwaterloo.ca /u/comsec/public_html/Susana/GHDSA_files slide0031_image106.gif
2004.05.28 11:57 B C:\Documents and Settings\khoeper\My Documents\Homepage_comsec\Susana\GHDSA_files\slide0031_image107.wmz --> comsec.uwaterloo.ca /u/comsec/public_html/Susana/GHDSA_files slide0031_image107.wmz
2004.05.28 11:57 B C:\Documents and Settings\khoeper\My Documents\Homepage_comsec\Susana\GHDSA_files\slide0031_image108.gif --> comsec.uwaterloo.ca /u/comsec/public_html/Susana/GHDSA_files slide0031_image108.gif
2004.05.28 11:57 B C:\Documents and Settings\khoeper\My Documents\Homepage_comsec\Susana\GHDSA_files\slide0032.htm --> comsec.uwaterloo.ca /u/comsec/public_html/Susana/GHDSA_files slide0032.htm
2004.05.28 11:57 B C:\Documents and Settings\khoeper\My Documents\Homepage_comsec\Susana\GHDSA_files\slide0033.htm --> comsec.uwaterloo.ca /u/comsec/public_html/Susana/GHDSA_files slide0033.htm
